  [4;36;1mSQL (0.2ms)[0m   [0;1m SELECT name
 FROM sqlite_master
 WHERE type = 'table' AND NOT name = 'sqlite_sequence'
[0m
  [4;35;1mSQL (0.1ms)[0m   [0mselect sqlite_version(*)[0m
  [4;36;1mSQL (1.5ms)[0m   [0;1mCREATE TABLE "schema_migrations" ("version" varchar(255) NOT NULL) [0m
  [4;35;1mSQL (0.0ms)[0m   [0mPRAGMA index_list("schema_migrations")[0m
  [4;36;1mSQL (19.3ms)[0m   [0;1mCREATE UNIQUE INDEX "unique_schema_migrations" ON "schema_migrations" ("version")[0m
  [4;35;1mSQL (0.2ms)[0m   [0m SELECT name
 FROM sqlite_master
 WHERE type = 'table' AND NOT name = 'sqlite_sequence'
[0m
  [4;36;1mSQL (0.1ms)[0m   [0;1mSELECT version FROM schema_migrations[0m
Migrating to CreateUsers (20110108012456)
  [4;35;1mSQL (0.4ms)[0m   [0mCREATE TABLE "users" ("id" INTEGER PRIMARY KEY AUTOINCREMENT NOT NULL, "name" varchar(255), "email" varchar(255), "created_at" datetime, "updated_at" datetime) [0m
  [4;36;1mSQL (0.2ms)[0m   [0;1mINSERT INTO schema_migrations (version) VALUES ('20110108012456')[0m
  [4;35;1mSQL (0.3ms)[0m   [0m SELECT name
 FROM sqlite_master
 WHERE type = 'table' AND NOT name = 'sqlite_sequence'
[0m
  [4;36;1mSQL (0.1ms)[0m   [0;1mSELECT version FROM schema_migrations[0m
  [4;35;1mSQL (0.2ms)[0m   [0m SELECT name
 FROM sqlite_master
 WHERE type = 'table' AND NOT name = 'sqlite_sequence'
[0m
  [4;36;1mSQL (0.0ms)[0m   [0;1mPRAGMA index_list("users")[0m


Processing UsersController#index (for 127.0.0.1 at 2011-01-07 17:33:05) [GET]
  [4;36;1mUser Load (0.4ms)[0m   [0;1mSELECT * FROM "users" [0m
Rendering template within layouts/users
Rendering users/index
Completed in 13ms (View: 9, DB: 0) | 200 OK [http://localhost/users]


Processing UsersController#new (for 127.0.0.1 at 2011-01-07 17:33:08) [GET]
Rendering template within layouts/users
Rendering users/new
Completed in 17ms (View: 13, DB: 0) | 200 OK [http://localhost/users/new]


Processing UsersController#create (for 127.0.0.1 at 2011-01-07 17:33:25) [POST]
  Parameters: {"commit"=>"Create", "authenticity_token"=>"15DN367/3OU25Hw2G6IqlXj/rxpy+pZRJr/u/8wz8HY=", "user"=>{"name"=>"dou", "email"=>"d@s.com"}}
  [4;35;1mUser Create (0.5ms)[0m   [0mINSERT INTO "users" ("name", "created_at", "updated_at", "email") VALUES('dou', '2011-01-08 01:33:25', '2011-01-08 01:33:25', 'd@s.com')[0m
Redirected to http://localhost:3000/users/1
Completed in 11ms (DB: 0) | 302 Found [http://localhost/users]


Processing UsersController#show (for 127.0.0.1 at 2011-01-07 17:33:25) [GET]
  Parameters: {"id"=>"1"}
  [4;36;1mUser Load (0.2ms)[0m   [0;1mSELECT * FROM "users" WHERE ("users"."id" = 1) [0m
Rendering template within layouts/users
Rendering users/show
Completed in 10ms (View: 6, DB: 0) | 200 OK [http://localhost/users/1]
  [4;36;1mUser Load (0.4ms)[0m   [0;1mSELECT * FROM "users" [0m


Processing UsersController#edit (for 127.0.0.1 at 2011-01-07 17:35:43) [GET]
  Parameters: {"id"=>"1"}
  [4;35;1mUser Load (0.5ms)[0m   [0mSELECT * FROM "users" WHERE ("users"."id" = 1) [0m
Rendering template within layouts/users
Rendering users/edit
Completed in 19ms (View: 12, DB: 0) | 200 OK [http://localhost/users/1/edit]


Processing UsersController#show (for 127.0.0.1 at 2011-01-07 17:36:01) [GET]
  Parameters: {"id"=>"1"}
  [4;36;1mUser Load (0.2ms)[0m   [0;1mSELECT * FROM "users" WHERE ("users"."id" = 1) [0m
Rendering template within layouts/users
Rendering users/show
Completed in 62ms (View: 58, DB: 0) | 200 OK [http://localhost/users/1]


Processing UsersController#show (for 127.0.0.1 at 2011-01-07 17:36:18) [GET]
  Parameters: {"id"=>"1"}
  [4;35;1mUser Load (0.2ms)[0m   [0mSELECT * FROM "users" WHERE ("users"."id" = 1) [0m
Rendering template within layouts/users
Rendering users/show
Completed in 7ms (View: 2, DB: 0) | 200 OK [http://localhost/users/1]


Processing UsersController#index (for 127.0.0.1 at 2011-01-07 17:36:28) [GET]
  [4;36;1mUser Load (0.5ms)[0m   [0;1mSELECT * FROM "users" [0m
Rendering template within layouts/users
Rendering users/index
Completed in 12ms (View: 5, DB: 1) | 200 OK [http://0.0.0.0/users]


Processing UsersController#new (for 127.0.0.1 at 2011-01-07 17:36:30) [GET]
Rendering template within layouts/users
Rendering users/new
Completed in 9ms (View: 6, DB: 0) | 200 OK [http://0.0.0.0/users/new]


Processing UsersController#create (for 127.0.0.1 at 2011-01-07 17:36:43) [POST]
  Parameters: {"commit"=>"Create", "authenticity_token"=>"QWiVlp9EIqZBFar5OS2u7wdRLR7cKkbKq05VbvdXERQ=", "user"=>{"name"=>"dd", "email"=>"dd@s.com"}}
  [4;35;1mUser Create (0.3ms)[0m   [0mINSERT INTO "users" ("name", "created_at", "updated_at", "email") VALUES('dd', '2011-01-08 01:36:43', '2011-01-08 01:36:43', 'dd@s.com')[0m
Redirected to http://0.0.0.0:3000/users/2
Completed in 8ms (DB: 0) | 302 Found [http://0.0.0.0/users]


Processing UsersController#show (for 127.0.0.1 at 2011-01-07 17:36:43) [GET]
  Parameters: {"id"=>"2"}
  [4;36;1mUser Load (0.2ms)[0m   [0;1mSELECT * FROM "users" WHERE ("users"."id" = 2) [0m
Rendering template within layouts/users
Rendering users/show
Completed in 7ms (View: 2, DB: 0) | 200 OK [http://0.0.0.0/users/2]


Processing UsersController#index (for 127.0.0.1 at 2011-01-07 17:38:08) [GET]
  [4;35;1mUser Load (0.6ms)[0m   [0mSELECT * FROM "users" [0m
Rendering template within layouts/users
Rendering users/index
Completed in 12ms (View: 7, DB: 1) | 200 OK [http://0.0.0.0/users]


Processing UsersController#edit (for 127.0.0.1 at 2011-01-07 17:40:20) [GET]
  Parameters: {"id"=>"1"}
  [4;36;1mUser Load (0.3ms)[0m   [0;1mSELECT * FROM "users" WHERE ("users"."id" = 1) [0m
Rendering template within layouts/users
Rendering users/edit
Completed in 15ms (View: 8, DB: 0) | 200 OK [http://0.0.0.0/users/1/edit]


Processing UsersController#edit (for 127.0.0.1 at 2011-01-07 17:41:26) [GET]
  Parameters: {"id"=>"1"}
  [4;35;1mUser Load (0.2ms)[0m   [0mSELECT * FROM "users" WHERE ("users"."id" = 1) [0m
Rendering template within layouts/users
Rendering users/edit
Completed in 73ms (View: 67, DB: 0) | 200 OK [http://0.0.0.0/users/1/edit]


Processing MicropostsController#index (for 127.0.0.1 at 2011-01-07 18:14:49) [GET]
  [4;36;1mMicropost Load (0.0ms)[0m   [0;1mSQLite3::SQLException: no such table: microposts: SELECT * FROM "microposts" [0m

ActiveRecord::StatementInvalid (SQLite3::SQLException: no such table: microposts: SELECT * FROM "microposts" ):
  app/controllers/microposts_controller.rb:5:in `index'

Rendered rescues/_trace (29.6ms)
Rendered rescues/_request_and_response (1.1ms)
Rendering rescues/layout (internal_server_error)
  [4;36;1mSQL (0.4ms)[0m   [0;1m SELECT name
 FROM sqlite_master
 WHERE type = 'table' AND NOT name = 'sqlite_sequence'
[0m
  [4;35;1mSQL (0.1ms)[0m   [0mSELECT version FROM schema_migrations[0m
Migrating to CreateUsers (20110108012456)
Migrating to CreateMicroposts (20110108021401)
  [4;36;1mSQL (0.1ms)[0m   [0;1mselect sqlite_version(*)[0m
  [4;35;1mSQL (0.5ms)[0m   [0mCREATE TABLE "microposts" ("id" INTEGER PRIMARY KEY AUTOINCREMENT NOT NULL, "content" varchar(255), "user_id" integer, "created_at" datetime, "updated_at" datetime) [0m
  [4;36;1mSQL (0.1ms)[0m   [0;1mINSERT INTO schema_migrations (version) VALUES ('20110108021401')[0m
  [4;35;1mSQL (0.3ms)[0m   [0m SELECT name
 FROM sqlite_master
 WHERE type = 'table' AND NOT name = 'sqlite_sequence'
[0m
  [4;36;1mSQL (0.1ms)[0m   [0;1mSELECT version FROM schema_migrations[0m
  [4;35;1mSQL (0.2ms)[0m   [0m SELECT name
 FROM sqlite_master
 WHERE type = 'table' AND NOT name = 'sqlite_sequence'
[0m
  [4;36;1mSQL (0.0ms)[0m   [0;1mPRAGMA index_list("microposts")[0m
  [4;35;1mSQL (0.1ms)[0m   [0mPRAGMA index_list("users")[0m


Processing MicropostsController#index (for 127.0.0.1 at 2011-01-07 18:15:06) [GET]
  [4;35;1mMicropost Load (0.4ms)[0m   [0mSELECT * FROM "microposts" [0m
Rendering template within layouts/microposts
Rendering microposts/index
Completed in 16ms (View: 11, DB: 0) | 200 OK [http://0.0.0.0/microposts]


Processing MicropostsController#new (for 127.0.0.1 at 2011-01-07 18:15:09) [GET]
Rendering template within layouts/microposts
Rendering microposts/new
Completed in 70ms (View: 66, DB: 0) | 200 OK [http://0.0.0.0/microposts/new]


Processing MicropostsController#create (for 127.0.0.1 at 2011-01-07 18:19:48) [POST]
  Parameters: {"commit"=>"Create", "micropost"=>{"user_id"=>"1", "content"=>"aaaaaaaaaaaaaaaaaaaaaaaaaaaaaaaaaaaaaaaaaaaaaaaaaaaaaaaaaaaaaaaaaaaaaaaaaaaaaaaaaaaaaaaaaaaaaaaaaaaaaaaaaaaaaaaaaaaaaaaaaaaaaaaaaaaaaaaaaaaaaaaaaaaaaaaaaaaaaaaaaaaaaaaaaaaaaaaaaaaaaaaaaaaaaaaaaaaaaaaaaaaaaaaaaaaaaaaaaaaaaaaaaaaaaaaaaaaaaaaaaaaaaaaaaaaaaaaaaaaaaaaaaaaaaaaaaaaaaaaaaaaaaaaaaaaaaaaaaaaaaaaaaaaaaaaaaaaaaaaaaaaaaaaaaaaaaaaaaaaaaaaaaaaaaaaaaaaaaaaaaaaaaaaaaaaaaaaaaaaaaaaaaaaaaaaaaaaaaaaaaaaaaaaaaaaaaaaaaaaaaaaaaaaaaaaaaaaaaaaaaaaaaaaaaaaaaaaaaaaaaaaaaaaaaaaaaaaaaaaaaaaaaaaaaaaaaaaaaaaaaaaaaaaaaaaaaaaaaaaaaaaaaaaaaaaaaaaaaaaaaaaaaaaaaaaaaaaaaaaaaaaaaaaaaaaaaaaaaaaaaaaaaaaaaaaaaaaaaaaaaaaaaaaaaaaaaaaaaaaaa"}, "authenticity_token"=>"QWiVlp9EIqZBFar5OS2u7wdRLR7cKkbKq05VbvdXERQ="}
  [4;36;1mSQL (0.4ms)[0m   [0;1m SELECT name
 FROM sqlite_master
 WHERE type = 'table' AND NOT name = 'sqlite_sequence'
[0m
  [4;35;1mSQL (0.2ms)[0m   [0m SELECT name
 FROM sqlite_master
 WHERE type = 'table' AND NOT name = 'sqlite_sequence'
[0m

NoMethodError (undefined method `validates' for #<Class:0x1036d4f58>):
  app/models/micropost.rb:2
  app/controllers/microposts_controller.rb:43:in `create'

Rendered rescues/_trace (26.3ms)
Rendered rescues/_request_and_response (0.4ms)
Rendering rescues/layout (internal_server_error)


Processing MicropostsController#create (for 127.0.0.1 at 2011-01-07 18:21:48) [POST]
  Parameters: {"commit"=>"Create", "micropost"=>{"user_id"=>"1", "content"=>"aaaaaaaaaaaaaaaaaaaaaaaaaaaaaaaaaaaaaaaaaaaaaaaaaaaaaaaaaaaaaaaaaaaaaaaaaaaaaaaaaaaaaaaaaaaaaaaaaaaaaaaaaaaaaaaaaaaaaaaaaaaaaaaaaaaaaaaaaaaaaaaaaaaaaaaaaaaaaaaaaaaaaaaaaaaaaaaaaaaaaaaaaaaaaaaaaaaaaaaaaaaaaaaaaaaaaaaaaaaaaaaaaaaaaaaaaaaaaaaaaaaaaaaaaaaaaaaaaaaaaaaaaaaaaaaaaaaaaaaaaaaaaaaaaaaaaaaaaaaaaaaaaaaaaaaaaaaaaaaaaaaaaaaaaaaaaaaaaaaaaaaaaaaaaaaaaaaaaaaaaaaaaaaaaaaaaaaaaaaaaaaaaaaaaaaaaaaaaaaaaaaaaaaaaaaaaaaaaaaaaaaaaaaaaaaaaaaaaaaaaaaaaaaaaaaaaaaaaaaaaaaaaaaaaaaaaaaaaaaaaaaaaaaaaaaaaaaaaaaaaaaaaaaaaaaaaaaaaaaaaaaaaaaaaaaaaaaaaaaaaaaaaaaaaaaaaaaaaaaaaaaaaaaaaaaaaaaaaaaaaaaaaaaaaaaaaaaaaaaaaaaaaaaaaaaaaaaaaaaaa"}, "authenticity_token"=>"QWiVlp9EIqZBFar5OS2u7wdRLR7cKkbKq05VbvdXERQ="}
Rendering template within layouts/microposts
Rendering microposts/new
Completed in 16ms (View: 9, DB: 0) | 200 OK [http://0.0.0.0/microposts]
  [4;35;1mUser Load (0.0ms)[0m   [0mSQLite3::SQLException: database schema has changed: SELECT * FROM "users" LIMIT 1[0m
  [4;36;1mUser Load (0.6ms)[0m   [0;1mSELECT * FROM "users" LIMIT 1[0m
  [4;35;1mUser Load (0.4ms)[0m   [0mSELECT * FROM "users" LIMIT 1[0m
  [4;36;1mUser Load (0.3ms)[0m   [0;1mSELECT * FROM "users" LIMIT 1[0m
  [4;35;1mUser Load (0.7ms)[0m   [0mSELECT * FROM "users" LIMIT 1[0m
  [4;36;1mMicropost Load (0.2ms)[0m   [0;1mSELECT * FROM "microposts" WHERE ("microposts".user_id = 1) [0m


Processing MicropostsController#create (for 127.0.0.1 at 2011-01-07 18:26:06) [POST]
  Parameters: {"commit"=>"Create", "micropost"=>{"user_id"=>"1", "content"=>"aaa"}, "authenticity_token"=>"QWiVlp9EIqZBFar5OS2u7wdRLR7cKkbKq05VbvdXERQ="}
  [4;36;1mMicropost Create (0.4ms)[0m   [0;1mINSERT INTO "microposts" ("created_at", "updated_at", "user_id", "content") VALUES('2011-01-08 02:26:06', '2011-01-08 02:26:06', 1, 'aaa')[0m
Redirected to http://0.0.0.0:3000/microposts/1
Completed in 12ms (DB: 0) | 302 Found [http://0.0.0.0/microposts]


Processing MicropostsController#show (for 127.0.0.1 at 2011-01-07 18:26:06) [GET]
  Parameters: {"id"=>"1"}
  [4;35;1mMicropost Load (0.2ms)[0m   [0mSELECT * FROM "microposts" WHERE ("microposts"."id" = 1) [0m
Rendering template within layouts/microposts
Rendering microposts/show
Completed in 66ms (View: 62, DB: 0) | 200 OK [http://0.0.0.0/microposts/1]


Processing MicropostsController#index (for 127.0.0.1 at 2011-01-07 18:26:13) [GET]
  [4;36;1mMicropost Load (0.5ms)[0m   [0;1mSELECT * FROM "microposts" [0m
Rendering template within layouts/microposts
Rendering microposts/index
Completed in 12ms (View: 5, DB: 0) | 200 OK [http://0.0.0.0/microposts/]


Processing MicropostsController#new (for 127.0.0.1 at 2011-01-07 18:26:14) [GET]
Rendering template within layouts/microposts
Rendering microposts/new
Completed in 10ms (View: 6, DB: 0) | 200 OK [http://0.0.0.0/microposts/new]


Processing MicropostsController#create (for 127.0.0.1 at 2011-01-07 18:26:19) [POST]
  Parameters: {"commit"=>"Create", "micropost"=>{"user_id"=>"1", "content"=>"bbbb"}, "authenticity_token"=>"QWiVlp9EIqZBFar5OS2u7wdRLR7cKkbKq05VbvdXERQ="}
  [4;35;1mMicropost Create (0.4ms)[0m   [0mINSERT INTO "microposts" ("created_at", "updated_at", "user_id", "content") VALUES('2011-01-08 02:26:19', '2011-01-08 02:26:19', 1, 'bbbb')[0m
Redirected to http://0.0.0.0:3000/microposts/2
Completed in 9ms (DB: 0) | 302 Found [http://0.0.0.0/microposts]


Processing MicropostsController#show (for 127.0.0.1 at 2011-01-07 18:26:19) [GET]
  Parameters: {"id"=>"2"}
  [4;36;1mMicropost Load (0.2ms)[0m   [0;1mSELECT * FROM "microposts" WHERE ("microposts"."id" = 2) [0m
Rendering template within layouts/microposts
Rendering microposts/show
Completed in 7ms (View: 2, DB: 0) | 200 OK [http://0.0.0.0/microposts/2]
  [4;35;1mUser Load (0.7ms)[0m   [0mSELECT * FROM "users" LIMIT 1[0m
  [4;36;1mMicropost Load (0.8ms)[0m   [0;1mSELECT * FROM "microposts" WHERE ("microposts".user_id = 1) [0m
